1970-01-01T00:33:42+00:00	docker.log	{"log":"Sending logs to FluentD\n","stream":"stdout"}
1970-01-01T00:33:42+00:00	docker.log	{"log":"  % Total    % Received % Xferd  Average Speed   Time    Time     Time  Current\n","stream":"stderr"}
1970-01-01T00:33:42+00:00	docker.log	{"log":"                                 Dload  Upload   Total   Spent    Left  Speed\n","stream":"stderr"}
1970-01-01T00:33:42+00:00	docker.log	{"log":"\r  0     0    0     0    0     0      0      0 --:--:-- --:--:-- --:--:--     0\r100    18    0     0  100    18      0   7989 --:--:-- --:--:-- --:--:--  9000\n","stream":"stderr"}
1970-01-01T00:33:42+00:00	docker.log	{"log":"Writing log to a file\n","stream":"stdout"}
1970-01-01T00:33:42+00:00	docker.log	{"log":"Sending logs to FluentD\n","stream":"stdout"}
1970-01-01T00:33:42+00:00	docker.log	{"log":"  % Total    % Received % Xferd  Average Speed   Time    Time     Time  Current\n","stream":"stderr"}
1970-01-01T00:33:42+00:00	docker.log	{"log":"                                 Dload  Upload   Total   Spent    Left  Speed\n","stream":"stderr"}
1970-01-01T00:33:42+00:00	docker.log	{"log":"\r  0     0    0     0    0     0      0      0 --:--:-- --:--:-- --:--:--     0\r100    18    0     0  100    18      0   9544 --:--:-- --:--:-- --:--:-- 18000\n","stream":"stderr"}
1970-01-01T00:33:42+00:00	docker.log	{"log":"Writing log to a file\n","stream":"stdout"}
1970-01-01T00:33:42+00:00	docker.log	{"log":"Sending logs to FluentD\n","stream":"stdout"}
1970-01-01T00:33:42+00:00	docker.log	{"log":"  % Total    % Received % Xferd  Average Speed   Time    Time     Time  Current\n","stream":"stderr"}
1970-01-01T00:33:42+00:00	docker.log	{"log":"                                 Dload  Upload   Total   Spent    Left  Speed\n","stream":"stderr"}
1970-01-01T00:33:42+00:00	docker.log	{"log":"\r  0     0    0     0    0     0      0      0 --:--:-- --:--:-- --:--:--     0\r100    18    0     0  100    18      0  10422 --:--:-- --:--:-- --:--:-- 18000\n","stream":"stderr"}
1970-01-01T00:33:42+00:00	docker.log	{"log":"Writing log to a file\n","stream":"stdout"}
1970-01-01T00:33:42+00:00	docker.log	{"log":"Sending logs to FluentD\n","stream":"stdout"}
1970-01-01T00:33:42+00:00	docker.log	{"log":"  % Total    % Received % Xferd  Average Speed   Time    Time     Time  Current\n","stream":"stderr"}
1970-01-01T00:33:42+00:00	docker.log	{"log":"                                 Dload  Upload   Total   Spent    Left  Speed\n","stream":"stderr"}
1970-01-01T00:33:42+00:00	docker.log	{"log":"\r  0     0    0     0    0     0      0      0 --:--:-- --:--:-- --:--:--     0\r100    18    0     0  100    18      0   9424 --:--:-- --:--:-- --:--:-- 18000\n","stream":"stderr"}
1970-01-01T00:33:42+00:00	docker.log	{"log":"Writing log to a file\n","stream":"stdout"}
1970-01-01T00:33:42+00:00	docker.log	{"log":"Sending logs to FluentD\n","stream":"stdout"}
1970-01-01T00:33:42+00:00	docker.log	{"log":"  % Total    % Received % Xferd  Average Speed   Time    Time     Time  Current\n","stream":"stderr"}
1970-01-01T00:33:42+00:00	docker.log	{"log":"                                 Dload  Upload   Total   Spent    Left  Speed\n","stream":"stderr"}
1970-01-01T00:33:42+00:00	docker.log	{"log":"\r  0     0    0     0    0     0      0      0 --:--:-- --:--:-- --:--:--     0\r100    18    0     0  100    18      0   8849 --:--:-- --:--:-- --:--:-- 18000\n","stream":"stderr"}
1970-01-01T00:33:42+00:00	docker.log	{"log":"Writing log to a file\n","stream":"stdout"}
1970-01-01T00:33:42+00:00	docker.log	{"log":"Sending logs to FluentD\n","stream":"stdout"}
1970-01-01T00:33:42+00:00	docker.log	{"log":"  % Total    % Received % Xferd  Average Speed   Time    Time     Time  Current\n","stream":"stderr"}
1970-01-01T00:33:42+00:00	docker.log	{"log":"                                 Dload  Upload   Total   Spent    Left  Speed\n","stream":"stderr"}
1970-01-01T00:33:42+00:00	docker.log	{"log":"\r  0     0    0     0    0     0      0      0 --:--:-- --:--:-- --:--:--     0\r100    18    0     0  100    18      0  10582 --:--:-- --:--:-- --:--:-- 18000\n","stream":"stderr"}
1970-01-01T00:33:42+00:00	docker.log	{"log":"Writing log to a file\n","stream":"stdout"}
1970-01-01T00:33:42+00:00	docker.log	{"log":"Sending logs to FluentD\n","stream":"stdout"}
1970-01-01T00:33:42+00:00	docker.log	{"log":"  % Total    % Received % Xferd  Average Speed   Time    Time     Time  Current\n","stream":"stderr"}
1970-01-01T00:33:42+00:00	docker.log	{"log":"                                 Dload  Upload   Total   Spent    Left  Speed\n","stream":"stderr"}
1970-01-01T00:33:42+00:00	docker.log	{"log":"\r  0     0    0     0    0     0      0      0 --:--:-- --:--:-- --:--:--     0\r100    18    0     0  100    18      0  18848 --:--:-- --:--:-- --:--:-- 18000\n","stream":"stderr"}
1970-01-01T00:33:42+00:00	docker.log	{"log":"Writing log to a file\n","stream":"stdout"}
1970-01-01T00:33:42+00:00	docker.log	{"log":"Sending logs to FluentD\n","stream":"stdout"}
1970-01-01T00:33:42+00:00	docker.log	{"log":"  % Total    % Received % Xferd  Average Speed   Time    Time     Time  Current\n","stream":"stderr"}
1970-01-01T00:33:42+00:00	docker.log	{"log":"                                 Dload  Upload   Total   Spent    Left  Speed\n","stream":"stderr"}
1970-01-01T00:33:42+00:00	docker.log	{"log":"\r  0     0    0     0    0     0      0      0 --:--:-- --:--:-- --:--:--     0\r100    18    0     0  100    18      0   9771 --:--:-- --:--:-- --:--:-- 18000\n","stream":"stderr"}
1970-01-01T00:33:42+00:00	docker.log	{"log":"Writing log to a file\n","stream":"stdout"}
1970-01-01T00:33:42+00:00	docker.log	{"log":"Sending logs to FluentD\n","stream":"stdout"}
1970-01-01T00:33:42+00:00	docker.log	{"log":"  % Total    % Received % Xferd  Average Speed   Time    Time     Time  Current\n","stream":"stderr"}
1970-01-01T00:33:42+00:00	docker.log	{"log":"                                 Dload  Upload   Total   Spent    Left  Speed\n","stream":"stderr"}
1970-01-01T00:33:42+00:00	docker.log	{"log":"\r  0     0    0     0    0     0      0      0 --:--:-- --:--:-- --:--:--     0\r100    18    0     0  100    18      0   3708 --:--:-- --:--:-- --:--:--  4500\n","stream":"stderr"}
1970-01-01T00:33:42+00:00	docker.log	{"log":"Writing log to a file\n","stream":"stdout"}
1970-01-01T00:33:42+00:00	docker.log	{"log":"Sending logs to FluentD\n","stream":"stdout"}
1970-01-01T00:33:42+00:00	docker.log	{"log":"  % Total    % Received % Xferd  Average Speed   Time    Time     Time  Current\n","stream":"stderr"}
1970-01-01T00:33:42+00:00	docker.log	{"log":"                                 Dload  Upload   Total   Spent    Left  Speed\n","stream":"stderr"}
1970-01-01T00:33:42+00:00	docker.log	{"log":"\r  0     0    0     0    0     0      0      0 --:--:-- --:--:-- --:--:--     0\r100    18    0     0  100    18      0   9777 --:--:-- --:--:-- --:--:-- 18000\n","stream":"stderr"}
1970-01-01T00:33:42+00:00	docker.log	{"log":"Writing log to a file\n","stream":"stdout"}
1970-01-01T00:33:42+00:00	docker.log	{"log":"Sending logs to FluentD\n","stream":"stdout"}
1970-01-01T00:33:42+00:00	docker.log	{"log":"  % Total    % Received % Xferd  Average Speed   Time    Time     Time  Current\n","stream":"stderr"}
1970-01-01T00:33:42+00:00	docker.log	{"log":"                                 Dload  Upload   Total   Spent    Left  Speed\n","stream":"stderr"}
1970-01-01T00:33:42+00:00	docker.log	{"log":"\r  0     0    0     0    0     0      0      0 --:--:-- --:--:-- --:--:--     0\r100    18    0     0  100    18      0   8411 --:--:-- --:--:-- --:--:--  9000\n","stream":"stderr"}
1970-01-01T00:33:42+00:00	docker.log	{"log":"Writing log to a file\n","stream":"stdout"}
