1970-01-01T00:33:42+00:00	docker.log	{"log":"Sending logs to FluentD\n","stream":"stdout"}
1970-01-01T00:33:42+00:00	docker.log	{"log":"  % Total    % Received % Xferd  Average Speed   Time    Time     Time  Current\n","stream":"stderr"}
1970-01-01T00:33:42+00:00	docker.log	{"log":"                                 Dload  Upload   Total   Spent    Left  Speed\n","stream":"stderr"}
1970-01-01T00:33:42+00:00	docker.log	{"log":"\r  0     0    0     0    0     0      0      0 --:--:-- --:--:-- --:--:--     0\r100    18    0     0  100    18      0  15873 --:--:-- --:--:-- --:--:-- 18000\n","stream":"stderr"}
1970-01-01T00:33:42+00:00	docker.log	{"log":"Writing log to a file\n","stream":"stdout"}
1970-01-01T00:33:42+00:00	docker.log	{"log":"Sending logs to FluentD\n","stream":"stdout"}
1970-01-01T00:33:42+00:00	docker.log	{"log":"  % Total    % Received % Xferd  Average Speed   Time    Time     Time  Current\n","stream":"stderr"}
1970-01-01T00:33:42+00:00	docker.log	{"log":"                                 Dload  Upload   Total   Spent    Left  Speed\n","stream":"stderr"}
1970-01-01T00:33:42+00:00	docker.log	{"log":"\r  0     0    0     0    0     0      0      0 --:--:-- --:--:-- --:--:--     0\r100    18    0     0  100    18      0  19438 --:--:-- --:--:-- --:--:-- 18000\n","stream":"stderr"}
1970-01-01T00:33:42+00:00	docker.log	{"log":"Writing log to a file\n","stream":"stdout"}
1970-01-01T00:33:42+00:00	docker.log	{"log":"Sending logs to FluentD\n","stream":"stdout"}
1970-01-01T00:33:42+00:00	docker.log	{"log":"  % Total    % Received % Xferd  Average Speed   Time    Time     Time  Current\n","stream":"stderr"}
1970-01-01T00:33:42+00:00	docker.log	{"log":"                                 Dload  Upload   Total   Spent    Left  Speed\n","stream":"stderr"}
1970-01-01T00:33:42+00:00	docker.log	{"log":"\r  0     0    0     0    0     0      0      0 --:--:-- --:--:-- --:--:--     0\r100    18    0     0  100    18      0  20689 --:--:-- --:--:-- --:--:-- 18000\n","stream":"stderr"}
1970-01-01T00:33:42+00:00	docker.log	{"log":"Writing log to a file\n","stream":"stdout"}
1970-01-01T00:33:42+00:00	docker.log	{"log":"Sending logs to FluentD\n","stream":"stdout"}
1970-01-01T00:33:42+00:00	docker.log	{"log":"  % Total    % Received % Xferd  Average Speed   Time    Time     Time  Current\n","stream":"stderr"}
1970-01-01T00:33:42+00:00	docker.log	{"log":"                                 Dload  Upload   Total   Spent    Left  Speed\n","stream":"stderr"}
1970-01-01T00:33:42+00:00	docker.log	{"log":"\r  0     0    0     0    0     0      0      0 --:--:-- --:--:-- --:--:--     0\r100    18    0     0  100    18      0   7392 --:--:-- --:--:-- --:--:--  9000\n","stream":"stderr"}
1970-01-01T00:33:42+00:00	docker.log	{"log":"Writing log to a file\n","stream":"stdout"}
1970-01-01T00:33:42+00:00	docker.log	{"log":"Sending logs to FluentD\n","stream":"stdout"}
1970-01-01T00:33:42+00:00	docker.log	{"log":"  % Total    % Received % Xferd  Average Speed   Time    Time     Time  Current\n","stream":"stderr"}
1970-01-01T00:33:42+00:00	docker.log	{"log":"                                 Dload  Upload   Total   Spent    Left  Speed\n","stream":"stderr"}
1970-01-01T00:33:42+00:00	docker.log	{"log":"\r  0     0    0     0    0     0      0      0 --:--:-- --:--:-- --:--:--     0\r100    18    0     0  100    18      0  19292 --:--:-- --:--:-- --:--:-- 18000\n","stream":"stderr"}
1970-01-01T00:33:42+00:00	docker.log	{"log":"Writing log to a file\n","stream":"stdout"}
1970-01-01T00:33:42+00:00	docker.log	{"log":"Sending logs to FluentD\n","stream":"stdout"}
1970-01-01T00:33:42+00:00	docker.log	{"log":"  % Total    % Received % Xferd  Average Speed   Time    Time     Time  Current\n","stream":"stderr"}
1970-01-01T00:33:42+00:00	docker.log	{"log":"                                 Dload  Upload   Total   Spent    Left  Speed\n","stream":"stderr"}
1970-01-01T00:33:42+00:00	docker.log	{"log":"\r  0     0    0     0    0     0      0      0 --:--:-- --:--:-- --:--:--     0\r100    18    0     0  100    18      0   9045 --:--:-- --:--:-- --:--:-- 18000\n","stream":"stderr"}
1970-01-01T00:33:42+00:00	docker.log	{"log":"Writing log to a file\n","stream":"stdout"}
1970-01-01T00:33:42+00:00	docker.log	{"log":"Sending logs to FluentD\n","stream":"stdout"}
1970-01-01T00:33:42+00:00	docker.log	{"log":"  % Total    % Received % Xferd  Average Speed   Time    Time     Time  Current\n","stream":"stderr"}
1970-01-01T00:33:42+00:00	docker.log	{"log":"                                 Dload  Upload   Total   Spent    Left  Speed\n","stream":"stderr"}
1970-01-01T00:33:42+00:00	docker.log	{"log":"\r  0     0    0     0    0     0      0      0 --:--:-- --:--:-- --:--:--     0\r100    18    0     0  100    18      0   8575 --:--:-- --:--:-- --:--:-- 18000\n","stream":"stderr"}
1970-01-01T00:33:42+00:00	docker.log	{"log":"Writing log to a file\n","stream":"stdout"}
1970-01-01T00:33:42+00:00	docker.log	{"log":"Sending logs to FluentD\n","stream":"stdout"}
1970-01-01T00:33:42+00:00	docker.log	{"log":"  % Total    % Received % Xferd  Average Speed   Time    Time     Time  Current\n","stream":"stderr"}
1970-01-01T00:33:42+00:00	docker.log	{"log":"                                 Dload  Upload   Total   Spent    Left  Speed\n","stream":"stderr"}
1970-01-01T00:33:42+00:00	docker.log	{"log":"\r  0     0    0     0    0     0      0      0 --:--:-- --:--:-- --:--:--     0\r100    18    0     0  100    18      0   7722 --:--:-- --:--:-- --:--:--  9000\n","stream":"stderr"}
1970-01-01T00:33:42+00:00	docker.log	{"log":"Writing log to a file\n","stream":"stdout"}
1970-01-01T00:33:42+00:00	docker.log	{"log":"Sending logs to FluentD\n","stream":"stdout"}
1970-01-01T00:33:42+00:00	docker.log	{"log":"  % Total    % Received % Xferd  Average Speed   Time    Time     Time  Current\n","stream":"stderr"}
1970-01-01T00:33:42+00:00	docker.log	{"log":"                                 Dload  Upload   Total   Spent    Left  Speed\n","stream":"stderr"}
1970-01-01T00:33:42+00:00	docker.log	{"log":"\r  0     0    0     0    0     0      0      0 --:--:-- --:--:-- --:--:--     0\r100    18    0     0  100    18      0  21844 --:--:-- --:--:-- --:--:-- 18000\n","stream":"stderr"}
1970-01-01T00:33:42+00:00	docker.log	{"log":"Writing log to a file\n","stream":"stdout"}
1970-01-01T00:33:42+00:00	docker.log	{"log":"Sending logs to FluentD\n","stream":"stdout"}
1970-01-01T00:33:42+00:00	docker.log	{"log":"  % Total    % Received % Xferd  Average Speed   Time    Time     Time  Current\n","stream":"stderr"}
1970-01-01T00:33:42+00:00	docker.log	{"log":"                                 Dload  Upload   Total   Spent    Left  Speed\n","stream":"stderr"}
1970-01-01T00:33:42+00:00	docker.log	{"log":"\r  0     0    0     0    0     0      0      0 --:--:-- --:--:-- --:--:--     0\r100    18    0     0  100    18      0  10739 --:--:-- --:--:-- --:--:-- 18000\n","stream":"stderr"}
1970-01-01T00:33:42+00:00	docker.log	{"log":"Writing log to a file\n","stream":"stdout"}
1970-01-01T00:33:42+00:00	docker.log	{"log":"Sending logs to FluentD\n","stream":"stdout"}
1970-01-01T00:33:42+00:00	docker.log	{"log":"  % Total    % Received % Xferd  Average Speed   Time    Time     Time  Current\n","stream":"stderr"}
1970-01-01T00:33:42+00:00	docker.log	{"log":"                                 Dload  Upload   Total   Spent    Left  Speed\n","stream":"stderr"}
1970-01-01T00:33:42+00:00	docker.log	{"log":"\r  0     0    0     0    0     0      0      0 --:--:-- --:--:-- --:--:--     0\r100    18    0     0  100    18      0   9150 --:--:-- --:--:-- --:--:-- 18000\n","stream":"stderr"}
