1970-01-01T00:33:42+00:00	docker.log	{"log":"Writing log to a file\n","stream":"stdout"}
1970-01-01T00:33:42+00:00	docker.log	{"log":"Sending logs to FluentD\n","stream":"stdout"}
1970-01-01T00:33:42+00:00	docker.log	{"log":"  % Total    % Received % Xferd  Average Speed   Time    Time     Time  Current\n","stream":"stderr"}
1970-01-01T00:33:42+00:00	docker.log	{"log":"                                 Dload  Upload   Total   Spent    Left  Speed\n","stream":"stderr"}
1970-01-01T00:33:42+00:00	docker.log	{"log":"\r  0     0    0     0    0     0      0      0 --:--:-- --:--:-- --:--:--     0\r100    18    0     0  100    18      0  10459 --:--:-- --:--:-- --:--:-- 18000\n","stream":"stderr"}
1970-01-01T00:33:42+00:00	docker.log	{"log":"Writing log to a file\n","stream":"stdout"}
1970-01-01T00:33:42+00:00	docker.log	{"log":"Sending logs to FluentD\n","stream":"stdout"}
1970-01-01T00:33:42+00:00	docker.log	{"log":"  % Total    % Received % Xferd  Average Speed   Time    Time     Time  Current\n","stream":"stderr"}
1970-01-01T00:33:42+00:00	docker.log	{"log":"                                 Dload  Upload   Total   Spent    Left  Speed\n","stream":"stderr"}
1970-01-01T00:33:42+00:00	docker.log	{"log":"\r  0     0    0     0    0     0      0      0 --:--:-- --:--:-- --:--:--     0\r100    18    0     0  100    18      0   8691 --:--:-- --:--:-- --:--:-- 18000\n","stream":"stderr"}
1970-01-01T00:33:42+00:00	docker.log	{"log":"Writing log to a file\n","stream":"stdout"}
1970-01-01T00:33:42+00:00	docker.log	{"log":"Sending logs to FluentD\n","stream":"stdout"}
1970-01-01T00:33:42+00:00	docker.log	{"log":"  % Total    % Received % Xferd  Average Speed   Time    Time     Time  Current\n","stream":"stderr"}
1970-01-01T00:33:42+00:00	docker.log	{"log":"                                 Dload  Upload   Total   Spent    Left  Speed\n","stream":"stderr"}
1970-01-01T00:33:42+00:00	docker.log	{"log":"\r  0     0    0     0    0     0      0      0 --:--:-- --:--:-- --:--:--     0\r100    18    0     0  100    18      0   8530 --:--:-- --:--:-- --:--:-- 18000\n","stream":"stderr"}
1970-01-01T00:33:42+00:00	docker.log	{"log":"Writing log to a file\n","stream":"stdout"}
1970-01-01T00:33:42+00:00	docker.log	{"log":"Sending logs to FluentD\n","stream":"stdout"}
1970-01-01T00:33:42+00:00	docker.log	{"log":"  % Total    % Received % Xferd  Average Speed   Time    Time     Time  Current\n","stream":"stderr"}
1970-01-01T00:33:42+00:00	docker.log	{"log":"                                 Dload  Upload   Total   Spent    Left  Speed\n","stream":"stderr"}
1970-01-01T00:33:42+00:00	docker.log	{"log":"\r  0     0    0     0    0     0      0      0 --:--:-- --:--:-- --:--:--     0\r100    18    0     0  100    18      0   9538 --:--:-- --:--:-- --:--:-- 18000\n","stream":"stderr"}
1970-01-01T00:33:42+00:00	docker.log	{"log":"Writing log to a file\n","stream":"stdout"}
1970-01-01T00:33:42+00:00	docker.log	{"log":"Sending logs to FluentD\n","stream":"stdout"}
1970-01-01T00:33:42+00:00	docker.log	{"log":"  % Total    % Received % Xferd  Average Speed   Time    Time     Time  Current\n","stream":"stderr"}
1970-01-01T00:33:42+00:00	docker.log	{"log":"                                 Dload  Upload   Total   Spent    Left  Speed\n","stream":"stderr"}
1970-01-01T00:33:42+00:00	docker.log	{"log":"\r  0     0    0     0    0     0      0      0 --:--:-- --:--:-- --:--:--     0\r100    18    0     0  100    18      0  18274 --:--:-- --:--:-- --:--:-- 18000\n","stream":"stderr"}
1970-01-01T00:33:42+00:00	docker.log	{"log":"Writing log to a file\n","stream":"stdout"}
1970-01-01T00:33:42+00:00	docker.log	{"log":"Sending logs to FluentD\n","stream":"stdout"}
1970-01-01T00:33:42+00:00	docker.log	{"log":"  % Total    % Received % Xferd  Average Speed   Time    Time     Time  Current\n","stream":"stderr"}
1970-01-01T00:33:42+00:00	docker.log	{"log":"                                 Dload  Upload   Total   Spent    Left  Speed\n","stream":"stderr"}
1970-01-01T00:33:42+00:00	docker.log	{"log":"\r  0     0    0     0    0     0      0      0 --:--:-- --:--:-- --:--:--     0\r100    18    0     0  100    18      0   9049 --:--:-- --:--:-- --:--:-- 18000\n","stream":"stderr"}
1970-01-01T00:33:42+00:00	docker.log	{"log":"Writing log to a file\n","stream":"stdout"}
1970-01-01T00:33:42+00:00	docker.log	{"log":"Sending logs to FluentD\n","stream":"stdout"}
1970-01-01T00:33:42+00:00	docker.log	{"log":"  % Total    % Received % Xferd  Average Speed   Time    Time     Time  Current\n","stream":"stderr"}
1970-01-01T00:33:42+00:00	docker.log	{"log":"                                 Dload  Upload   Total   Spent    Left  Speed\n","stream":"stderr"}
1970-01-01T00:33:42+00:00	docker.log	{"log":"\r  0     0    0     0    0     0      0      0 --:--:-- --:--:-- --:--:--     0\r100    18    0     0  100    18      0   9766 --:--:-- --:--:-- --:--:-- 18000\n","stream":"stderr"}
1970-01-01T00:33:42+00:00	docker.log	{"log":"Writing log to a file\n","stream":"stdout"}
1970-01-01T00:33:42+00:00	docker.log	{"log":"Sending logs to FluentD\n","stream":"stdout"}
1970-01-01T00:33:42+00:00	docker.log	{"log":"  % Total    % Received % Xferd  Average Speed   Time    Time     Time  Current\n","stream":"stderr"}
1970-01-01T00:33:42+00:00	docker.log	{"log":"                                 Dload  Upload   Total   Spent    Left  Speed\n","stream":"stderr"}
1970-01-01T00:33:42+00:00	docker.log	{"log":"\r  0     0    0     0    0     0      0      0 --:--:-- --:--:-- --:--:--     0\r100    18    0     0  100    18      0   9127 --:--:-- --:--:-- --:--:-- 18000\n","stream":"stderr"}
1970-01-01T00:33:42+00:00	docker.log	{"log":"Writing log to a file\n","stream":"stdout"}
1970-01-01T00:33:42+00:00	docker.log	{"log":"Sending logs to FluentD\n","stream":"stdout"}
1970-01-01T00:33:42+00:00	docker.log	{"log":"  % Total    % Received % Xferd  Average Speed   Time    Time     Time  Current\n","stream":"stderr"}
1970-01-01T00:33:42+00:00	docker.log	{"log":"                                 Dload  Upload   Total   Spent    Left  Speed\n","stream":"stderr"}
1970-01-01T00:33:42+00:00	docker.log	{"log":"\r  0     0    0     0    0     0      0      0 --:--:-- --:--:-- --:--:--     0\r100    18    0     0  100    18      0  10152 --:--:-- --:--:-- --:--:-- 18000\n","stream":"stderr"}
1970-01-01T00:33:42+00:00	docker.log	{"log":"Writing log to a file\n","stream":"stdout"}
1970-01-01T00:33:42+00:00	docker.log	{"log":"Sending logs to FluentD\n","stream":"stdout"}
1970-01-01T00:33:42+00:00	docker.log	{"log":"  % Total    % Received % Xferd  Average Speed   Time    Time     Time  Current\n","stream":"stderr"}
1970-01-01T00:33:42+00:00	docker.log	{"log":"                                 Dload  Upload   Total   Spent    Left  Speed\n","stream":"stderr"}
1970-01-01T00:33:42+00:00	docker.log	{"log":"\r  0     0    0     0    0     0      0      0 --:--:-- --:--:-- --:--:--     0\r100    18    0     0  100    18      0   9132 --:--:-- --:--:-- --:--:-- 18000\n","stream":"stderr"}
1970-01-01T00:33:42+00:00	docker.log	{"log":"Writing log to a file\n","stream":"stdout"}
